<<<<<<< HEAD
3
1
2
4
5
6
7
33
31
35
30
29
37
28
36
32
34
21
8
9
10
11
12
13
=======
67
33
31
35
8
30
29
37
61
10
28
66
11
53
77
78
79
84
85
36
64
65
21
>>>>>>> 0673a3f3f105243f055b07cd9ba0eca6d9e73175
22
23
24
25
26
27
32
5
43
<<<<<<< HEAD
38
39
40
41
42
44
45
46
47
49
48
50
51
71
52
53
54
70
72
55
74
56
58
59
60
61
62
63
64
65
66
76
69
75
68
67
77
78
79
80
81
82
90
83
84
85
=======
55
46
9
96
97
45
12
71
63
81
41
60
70
58
56
92
69
75
38
39
40
42
47
52
80
88
76
95
98
48
74
>>>>>>> 0673a3f3f105243f055b07cd9ba0eca6d9e73175
86
88
87
<<<<<<< HEAD
89
91
92
93
94
95
96
97
98
99
=======
82
89
68
83
94
90
99
93
91
59
100
62
57
73
72
54
51
50
49
44
20
15
16
34
>>>>>>> 0673a3f3f105243f055b07cd9ba0eca6d9e73175
