<<<<<<< HEAD
10
57
8
69
44
22
79
52
21
81
13
18
19
58
48
27
40
60
49
73
28
20
64
74
7
43
42
75
29
65
=======
34
33
48
22
28
61
45
58
29
69
8
13
57
63
73
74
46
>>>>>>> 0673a3f3f105243f055b07cd9ba0eca6d9e73175
14
6
37
47
50
26
2
65
55
18
41
43
51
32
68
<<<<<<< HEAD
4
25
61
6
33
=======
40
30
59
75
17
7
36
80
76
4
78
>>>>>>> 0673a3f3f105243f055b07cd9ba0eca6d9e73175
15
53
23
66
9
72
<<<<<<< HEAD
47
55
66
9
17
34
53
37
2
63
78
76
80
32
46
26
41
50
=======
11
35
24
5
54
62
1
77
25
38
67
20
70
>>>>>>> 0673a3f3f105243f055b07cd9ba0eca6d9e73175
