1
<<<<<<< HEAD
2
3
4
5
9
8
7
6
10
20
19
18
17
16
15
14
13
12
11
21
22
23
24
25
26
36
27
28
29
30
31
32
33
34
35
37
38
39
40
41
=======
11
12
10
13
14
15
16
37
38
>>>>>>> 0673a3f3f105243f055b07cd9ba0eca6d9e73175
42
43
44
48
17
45
46
<<<<<<< HEAD
47
48
49
50
57
51
52
54
55
56
53
58
=======
49
50
>>>>>>> 0673a3f3f105243f055b07cd9ba0eca6d9e73175
59
70
71
72
73
74
75
76
<<<<<<< HEAD
=======
58
62
61
65
66
60
64
68
67
63
69
51
52
54
55
56
53
57
77
47
35
34
33
32
31
41
30
40
29
39
28
27
21
18
26
19
22
36
3
4
5
9
2
23
20
24
25
8
7
>>>>>>> 0673a3f3f105243f055b07cd9ba0eca6d9e73175
