<<<<<<< HEAD
1
2
3
4
5
6
7
8
9
10
11
12
13
14
15
16
17
18
19
20
21
22
23
24
25
26
27
28
29
30
31
32
33
34
35
36
37
38
39
40
41
42
43
44
45
46
47
48
49
50
51
52
53
54
55
56
57
58
59
60
61
62
63
64
65
66
67
68
69
70
71
72
73
74
75
76
77
78
79
80
81
82
83
84
85
86
87
88
89
90
91
92
=======
>>>>>>> 0673a3f3f105243f055b07cd9ba0eca6d9e73175
93
94
95
96
97
98
83
84
85
86
87
88
73
74
75
76
77
78
63
64
65
66
67
68
53
54
55
56
57
58
43
44
45
46
47
48
99
100
<<<<<<< HEAD
=======
33
34
35
36
37
38
89
90
79
80
23
24
25
26
27
28
69
70
59
60
49
50
39
40
92
82
72
62
52
42
91
81
71
61
51
41
32
31
29
30
22
13
14
15
16
17
18
21
19
20
12
3
4
5
6
7
8
11
9
10
2
1
>>>>>>> 0673a3f3f105243f055b07cd9ba0eca6d9e73175
