<<<<<<< HEAD
58
64
51
77
54
11
43
19
48
56
17
38
39
42
2
12
57
52
24
78
41
=======
48
54
73
78
74
58
42
>>>>>>> 0673a3f3f105243f055b07cd9ba0eca6d9e73175
37
2
67
<<<<<<< HEAD
22
35
7
14
80
34
20
30
=======
70
34
5
14
76
>>>>>>> 0673a3f3f105243f055b07cd9ba0eca6d9e73175
66
43
10
25
<<<<<<< HEAD
79
33
44
59
21
32
46
72
71
76
50
6
70
73
75
4
23
62
10
=======
31
35
12
46
62
30
20
32
13
33
22
52
72
27
53
7
79
6
75
23
59
4
71
50
21
68
69
40
45
16
18
44
61
15
80
1
26
51
>>>>>>> 0673a3f3f105243f055b07cd9ba0eca6d9e73175
