<<<<<<< HEAD
=======
62
70
20
>>>>>>> 0673a3f3f105243f055b07cd9ba0eca6d9e73175
72
9
3
<<<<<<< HEAD
8
66
22
62
33
71
13
51
45
26
47
37
24
76
25
54
23
77
28
32
38
10
80
53
64
67
=======
45
44
12
13
47
19
39
14
2
58
75
38
51
63
25
>>>>>>> 0673a3f3f105243f055b07cd9ba0eca6d9e73175
49
43
81
6
52
23
68
78
67
50
64
17
69
77
1
16
<<<<<<< HEAD
20
=======
48
57
35
>>>>>>> 0673a3f3f105243f055b07cd9ba0eca6d9e73175
7
56
30
<<<<<<< HEAD
65
21
41
63
69
75
36
59
58
48
78
12
68
50
29
17
34
60
44
19
81
57
42
43
70
1
61
39
56
14
=======
36
29
34
61
59
60
4
65
21
42
46
15
74
18
27
41
11
79
40
53
10
5
80
8
>>>>>>> 0673a3f3f105243f055b07cd9ba0eca6d9e73175
