<<<<<<< HEAD
55
48
23
90
63
59
54
8
11
51
24
20
99
9
58
96
74
5
36
22
42
32
80
77
45
79
46
41
100
47
89
44
66
6
98
65
33
94
10
75
16
67
64
91
38
81
15
26
71
30
12
86
34
35
72
13
97
57
19
18
73
92
68
93
84
39
4
52
78
85
61
53
40
88
3
62
43
27
69
7
2
60
49
95
82
50
29
31
56
37
25
83
=======
71
93
100
94
60
56
57
91
77
69
64
63
84
70
67
62
88
50
58
87
92
73
59
65
86
89
61
85
66
49
75
80
52
96
24
97
68
95
90
83
74
78
79
81
53
55
82
31
76
54
38
51
16
99
98
47
26
72
43
17
22
13
25
27
29
36
3
4
18
35
40
34
42
33
7
44
30
6
>>>>>>> 0673a3f3f105243f055b07cd9ba0eca6d9e73175
21
37
15
14
12
39
2
19
28
<<<<<<< HEAD
87
17
1
76
70
=======
1
10
46
41
45
32
9
20
11
5
23
48
8
>>>>>>> 0673a3f3f105243f055b07cd9ba0eca6d9e73175
