28
<<<<<<< HEAD
77
35
54
5
49
70
56
59
169
23
79
128
36
115
89
=======
5
23
19
100
169
>>>>>>> 0673a3f3f105243f055b07cd9ba0eca6d9e73175
150
73
<<<<<<< HEAD
53
110
41
132
162
125
71
179
15
37
185
=======
115
71
179
89
110
>>>>>>> 0673a3f3f105243f055b07cd9ba0eca6d9e73175
12
171
162
185
157
142
106
<<<<<<< HEAD
130
143
45
118
160
63
123
52
107
82
43
76
20
148
62
97
127
152
74
139
98
42
1
134
=======
155
95
147
83
172
96
38
129
47
69
67
161
145
60
137
111
104
48
108
163
109
105
90
182
151
>>>>>>> 0673a3f3f105243f055b07cd9ba0eca6d9e73175
