150
143
114
119
117
118
4
63
91
135
27
24
126
146
7
95
51
55
183
190
106
103
87
184
49
170
152
107
65
165
148
120
1
141
88
77
182
111
76
86
31
193
52
72
89
113
163
173
22
180
79
161
156
159
8
179
157
160
125
9
45
37
28
174
171
6
121
97
131
176
169
69
93
78
39
189
83
158
105
192
164
110
181
128
137
60
153
10
57
130
149
40
151
16
58
194
26
47
195
124
43
38
85
36
2
81
134
188
116
74
155
187
5
162
70
25
54
186
199
64
73
34
13
142
67
178
53
136
12
104
122
32
62
101
115
15
90
41
20
56
84
132
3
35
61
198
140
46
19
11
50
68
191
139
154
175
33
71
42
129
145
18
138
66
166
133
112
100
30
127
167
109
123
21
44
96
144
14
196
23
80
177
59
82
200
17
98
168
48
75
92
99
185
29
147
94
197
108
172
102
