<<<<<<< HEAD
167
21
73
42
136
108
155
71
119
50
30
23
193
95
72
168
153
51
39
139
82
109
26
163
32
185
179
113
57
25
199
186
13
75
183
70
128
184
38
142
65
19
196
5
1
44
22
8
158
2
40
7
18
36
133
24
96
137
190
143
120
124
110
76
145
74
100
118
98
37
27
104
115
47
28
86
192
171
11
99
10
164
77
161
138
152
60
126
189
135
101
93
121
43
29
=======
72
119
82
124
133
190
199
26
118
44
7
179
38
76
27
143
40
98
28
96
171
2
110
77
99
138
93
116
92
9
78
161
148
20
189
151
194
160
105
197
37
115
74
24
18
22
158
1
196
65
8
142
19
184
128
75
70
183
57
25
186
185
113
163
153
193
168
51
95
30
50
108
71
21
136
42
73
>>>>>>> 0673a3f3f105243f055b07cd9ba0eca6d9e73175
