<<<<<<< HEAD
76
28
126
19
156
116
33
159
29
45
106
12
41
81
79
80
184
2
102
175
161
52
56
135
170
178
83
86
146
96
9
188
85
189
37
185
193
139
114
97
127
140
199
180
144
77
171
137
187
119
128
82
91
90
117
40
69
112
105
66
143
138
198
160
13
73
36
167
121
42
164
200
46
20
25
70
22
65
179
177
113
44
196
197
124
131
53
181
78
30
=======
29
45
146
188
180
77
121
167
140
42
174
199
185
36
177
137
70
105
100
18
78
20
112
197
38
44
131
27
5
148
75
62
192
113
200
46
198
138
22
82
143
13
49
117
144
85
37
139
96
83
101
106
178
86
41
81
79
80
184
2
193
187
>>>>>>> 0673a3f3f105243f055b07cd9ba0eca6d9e73175
