101
<<<<<<< HEAD
124
46
81
144
167
175
182
53
114
22
33
31
4
102
173
121
17
184
134
159
52
178
25
=======
47
169
164
81
80
144
136
63
22
121
53
36
75
173
1
>>>>>>> 0673a3f3f105243f055b07cd9ba0eca6d9e73175
166
187
39
170
110
72
159
34
43
<<<<<<< HEAD
90
93
108
119
188
97
107
11
64
27
=======
61
11
8
181
24
193
>>>>>>> 0673a3f3f105243f055b07cd9ba0eca6d9e73175
21
123
118
<<<<<<< HEAD
73
179
116
190
174
69
115
2
9
51
95
168
=======
19
32
48
50
16
132
145
3
148
57
177
>>>>>>> 0673a3f3f105243f055b07cd9ba0eca6d9e73175
