187
134
164
32
63
153
49
124
71
69
125
177
100
158
17
137
139
29
80
10
97
136
70
4
67
109
110
142
55
155
172
16
154
38
188
107
14
191
192
178
131
13
96
195
34
86
72
102
84
179
126
128
98
85
176
39
193
149
68
161
53
61
60
20
159
162
103
15
81
111
24
118
120
23
144
56
28
21
122
151
163
5
79
199
45
99
3
190
200
19
106
35
59
18
42
12
44
147
50
138
65
160
30
31
88
145
129
183
182
198
141
170
165
33
108
76
41
47
95
25
26
114
77
89
9
121
150
113
104
180
117
146
173
73
87
43
127
83
8
92
57
116
135
189
90
