<<<<<<< HEAD
160
138
200
171
112
163
130
151
197
116
147
49
161
101
39
142
150
70
78
98
7
51
84
91
45
155
20
36
178
99
77
59
127
61
23
79
195
176
6
=======
70
91
98
94
3
78
101
8
155
20
59
147
156
61
42
>>>>>>> 0673a3f3f105243f055b07cd9ba0eca6d9e73175
95
39
195
198
149
62
<<<<<<< HEAD
75
5
137
18
134
169
192
122
56
119
128
153
164
48
33
170
100
166
71
82
76
114
135
92
183
13
17
117
4
16
30
90
186
31
12
21
167
11
143
54
72
57
26
152
129
174
173
15
29
191
28
87
181
126
25
58
157
107
53
189
108
52
133
185
159
120
89
47
27
37
93
168
136
188
88
111
2
144
64
106
148
86
141
55
65
165
180
68
103
154
41
24
73
146
=======
193
175
134
99
178
124
121
32
127
132
75
137
1
67
145
44
153
96
199
196
74
45
83
140
150
10
182
142
49
80
151
112
40
163
200
171
138
160
102
115
>>>>>>> 0673a3f3f105243f055b07cd9ba0eca6d9e73175
