<<<<<<< HEAD
179
142
5
92
83
175
51
106
189
198
75
105
119
27
178
79
180
161
64
145
197
42
49
70
28
59
10
65
121
181
101
150
19
24
13
9
82
33
108
140
117
103
136
90
194
174
43
159
22
74
100
88
114
137
154
=======
118
104
179
153
90
137
174
142
5
114
68
154
33
46
92
177
87
126
11
22
168
191
181
85
66
140
86
182
23
13
117
4
110
48
183
89
125
53
18
94
36
134
63
158
21
25
193
72
8
127
157
15
165
50
67
52
155
91
69
166
29
44
156
160
77
2
16
73
45
196
167
170
>>>>>>> 0673a3f3f105243f055b07cd9ba0eca6d9e73175
