<<<<<<< HEAD
78
51
117
194
21
24
92
125
45
151
63
95
122
114
174
46
55
88
193
128
136
139
161
103
58
156
3
83
133
177
191
158
40
36
47
56
79
119
59
108
1
96
165
10
111
32
43
61
147
=======
111
147
72
151
88
108
38
139
61
58
174
37
182
73
158
74
124
28
96
6
63
91
51
82
125
79
143
189
138
62
168
43
95
130
10
32
56
131
9
98
117
145
93
55
166
181
65
47
26
176
149
94
165
71
92
45
3
99
156
194
25
31
46
1
193
48
160
122
136
24
59
22
155
110
78
76
102
80
140
103
7
172
116
>>>>>>> 0673a3f3f105243f055b07cd9ba0eca6d9e73175
