81
55
167
72
186
197
195
181
180
92
144
63
126
157
80
91
117
199
200
47
127
189
108
170
135
90
182
162
145
84
62
109
58
77
69
1
169
100
110
66
16
190
165
156
118
97
160
89
179
68
194
20
43
49
3
29
111
45
9
146
185
164
153
130
14
94
151
65
198
7
61
28
107
54
159
39
13
172
71
166
42
113
23
184
15
18
96
44
26
152
103
140
52
67
139
70
19
64
37
36
102
87
17
2
5
115
24
35
133
125
192
154
33
60
128
4
143
173
73
11
149
27
112
132
106
119
129
6
131
32
101
188
53
141
50
191
175
40
56
187
116
99
21
86
177
142
123
82
138
124
51
85
150
74
105
168
57
78
31
75
98
46
25
163
76
38
122
174
183
48
137
41
196
12
10
155
93
114
134
88
104
171
121
8
95
83
193
178
59
176
161
136
148
34
147
30
79
158
22
120
