99
100
101
102
98
103
104
105
106
97
107
108
109
110
96
111
112
113
114
95
115
116
117
118
94
119
120
121
122
93
123
124
125
126
92
127
128
129
130
91
131
132
133
134
90
135
136
137
138
89
139
140
141
142
88
143
144
145
146
87
147
148
149
150
86
151
152
153
154
85
155
156
157
158
84
159
160
161
162
83
163
164
165
166
167
168
169
170
171
172
173
174
175
176
177
178
179
180
82
81
80
79
78
77
76
75
74
73
72
71
70
69
68
67
66
65
64
63
62
61
60
59
58
57
56
55
54
53
52
51
50
49
48
47
46
45
44
43
1
2
3
4
5
6
7
8
9
10
11
12
13
14
15
16
17
18
19
20
21
22
23
24
25
26
27
28
29
30
31
32
33
34
35
36
37
38
39
40
41
42
