<<<<<<< HEAD
139
35
91
64
109
27
84
16
148
119
150
33
45
134
136
42
176
96
3
37
32
12
156
30
116
=======
170
45
42
37
>>>>>>> 0673a3f3f105243f055b07cd9ba0eca6d9e73175
95
153
53
64
158
36
145
121
<<<<<<< HEAD
71
17
78
52
142
174
53
129
145
46
172
158
144
153
80
99
36
25
73
43
170
55
=======
76
96
54
25
129
30
173
94
142
13
71
91
41
111
176
104
52
62
70
27
106
7
67
150
172
58
46
29
3
157
123
72
98
>>>>>>> 0673a3f3f105243f055b07cd9ba0eca6d9e73175
14
31
124
40
147
39
55
99
12
120
17
144
118
168
<<<<<<< HEAD
61
54
157
31
76
98
=======
60
161
163
56
73
43
86
80
6
61
50
131
155
19
44
5
68
>>>>>>> 0673a3f3f105243f055b07cd9ba0eca6d9e73175
