<<<<<<< HEAD
83
200
47
133
75
23
95
131
155
160
73
191
18
105
134
=======
7
91
200
131
134
15
167
59
145
185
42
78
151
6
>>>>>>> 0673a3f3f105243f055b07cd9ba0eca6d9e73175
70
17
147
60
126
23
74
120
132
197
11
94
152
57
191
136
165
84
<<<<<<< HEAD
150
32
123
137
7
129
93
96
57
85
33
74
25
165
94
97
46
3
40
199
89
108
91
132
=======
137
46
96
169
123
52
108
33
77
76
69
24
153
180
32
8
89
129
10
140
13
186
21
103
56
199
80
166
175
>>>>>>> 0673a3f3f105243f055b07cd9ba0eca6d9e73175
45
190
121
<<<<<<< HEAD
180
78
151
=======
178
22
163
50
28
117
>>>>>>> 0673a3f3f105243f055b07cd9ba0eca6d9e73175
