<<<<<<< HEAD
77
91
119
139
46
165
70
106
142
59
1
7
17
58
132
162
153
134
35
163
9
166
49
27
143
111
54
6
63
152
=======
89
166
77
>>>>>>> 0673a3f3f105243f055b07cd9ba0eca6d9e73175
169
139
163
174
27
24
<<<<<<< HEAD
69
28
149
120
129
95
90
=======
123
9
170
119
41
7
63
46
106
1
35
6
86
101
162
8
95
36
173
50
69
97
94
40
132
128
49
58
17
151
168
136
>>>>>>> 0673a3f3f105243f055b07cd9ba0eca6d9e73175
72
153
111
143
133
<<<<<<< HEAD
157
175
86
182
136
8
=======
88
33
84
25
60
>>>>>>> 0673a3f3f105243f055b07cd9ba0eca6d9e73175
79
104
82
182
176
127
149
16
90
157
135
175
22
108
98
81
52
138
161
29
78
145
