<<<<<<< HEAD
9
10
11
12
13
189
172
128
41
17
179
33
116
196
144
106
82
93
112
32
194
158
195
156
46
45
88
154
160
22
146
148
161
43
199
136
67
151
162
35
107
120
102
125
169
37
36
15
14
=======
172
36
120
93
189
116
88
128
164
112
158
124
43
199
71
105
137
127
11
12
13
110
42
114
51
33
139
109
125
192
14
97
163
92
178
152
118
21
75
85
98
148
169
147
144
162
151
19
46
82
15
197
108
184
22
132
146
35
154
135
59
102
77
67
186
119
58
57
185
100
24
173
175
37
113
55
177
190
>>>>>>> 0673a3f3f105243f055b07cd9ba0eca6d9e73175
