<<<<<<< HEAD
139
20
37
107
141
131
29
112
95
40
61
138
32
56
140
108
148
26
90
7
113
149
44
16
51
129
8
35
3
76
136
66
75
19
55
5
146
117
122
47
9
137
45
15
11
28
86
143
125
27
120
92
36
17
63
34
103
54
114
12
65
78
58
68
135
71
94
121
126
73
53
145
48
150
97
72
118
96
111
101
52
99
62
1
74
91
67
64
10
46
43
13
83
77
109
85
49
14
33
31
105
104
70
69
59
130
84
60
106
82
102
50
116
142
98
128
132
79
93
80
6
88
115
18
119
123
87
24
4
25
22
2
110
42
144
100
21
147
81
127
57
133
23
134
89
124
41
39
=======
97
47
125
115
48
86
96
55
107
69
71
134
78
54
131
102
95
110
146
45
124
74
59
66
49
111
108
122
60
114
136
109
147
127
104
98
58
94
101
138
50
90
85
57
143
103
70
83
133
129
128
142
145
93
63
52
79
68
148
73
130
24
149
141
81
137
100
89
61
80
56
118
65
77
42
91
34
64
140
116
92
82
105
88
46
113
84
72
26
132
51
43
123
119
44
62
117
112
135
53
87
106
99
126
120
19
41
67
144
75
3
76
25
6
14
17
21
12
5
1
38
22
36
11
10
23
13
121
2
33
>>>>>>> 0673a3f3f105243f055b07cd9ba0eca6d9e73175
30
39
4
18
31
150
27
28
9
15
35
16
8
7
32
40
139
29
20
37
