92
<<<<<<< HEAD
61
114
130
104
36
102
86
47
83
8
15
6
31
84
121
3
71
52
45
118
95
73
39
33
122
12
75
87
14
128
106
42
93
105
26
120
37
126
135
51
100
=======
63
80
57
101
69
79
85
40
29
7
44
52
103
31
43
42
2
104
5
87
30
133
46
18
23
127
134
10
90
65
34
119
122
45
74
54
75
131
72
25
22
111
109
126
67
12
14
>>>>>>> 0673a3f3f105243f055b07cd9ba0eca6d9e73175
13
97
<<<<<<< HEAD
116
1
69
72
29
119
30
131
17
=======
51
124
62
123
116
>>>>>>> 0673a3f3f105243f055b07cd9ba0eca6d9e73175
94
49
110
1
58
56
50
17
112
4
<<<<<<< HEAD
79
78
53
=======
9
32
107
129
21
27
>>>>>>> 0673a3f3f105243f055b07cd9ba0eca6d9e73175
60
53
88
68
64
99
11
77
98
125
108
81
78
41
63
96
<<<<<<< HEAD
124
65
85
80
98
32
117
57
111
134
40
38
115
109
58
99
110
88
103
27
123
10
46
22
9
82
21
77
18
108
129
64
133
7
112
11
34
125
49
25
44
67
5
=======
117
82
38
115
132
19
35
16
89
66
24
100
70
91
120
37
93
135
105
26
106
128
73
118
20
95
48
33
59
3
83
>>>>>>> 0673a3f3f105243f055b07cd9ba0eca6d9e73175
