<<<<<<< HEAD
142
85
38
107
144
68
128
109
108
80
10
60
91
135
71
137
39
18
117
93
42
146
59
84
98
104
139
70
11
49
6
50
48
118
120
141
64
97
=======
50
60
31
135
49
107
10
24
93
95
38
41
22
130
143
82
43
64
148
5
48
84
80
72
67
139
30
36
132
113
75
91
47
17
133
110
104
18
62
>>>>>>> 0673a3f3f105243f055b07cd9ba0eca6d9e73175
124
6
127
94
76
<<<<<<< HEAD
31
101
83
17
130
=======
121
34
120
74
70
141
118
102
101
123
27
58
83
131
81
86
92
53
51
90
79
45
28
>>>>>>> 0673a3f3f105243f055b07cd9ba0eca6d9e73175
