<<<<<<< HEAD
34
35
118
92
111
90
117
20
105
44
6
122
60
56
98
76
129
147
1
49
27
62
11
18
134
136
121
149
52
47
10
55
84
101
=======
136
117
105
126
34
14
134
72
16
>>>>>>> 0673a3f3f105243f055b07cd9ba0eca6d9e73175
119
98
92
68
<<<<<<< HEAD
71
82
45
86
48
23
59
39
87
22
126
=======
84
111
114
78
57
27
99
55
1
87
62
44
83
60
52
69
79
86
149
106
97
147
64
76
7
17
13
38
11
19
45
12
47
23
48
26
101
32
71
133
21
22
102
108
148
51
59
39
58
95
124
63
53
9
>>>>>>> 0673a3f3f105243f055b07cd9ba0eca6d9e73175
