<<<<<<< HEAD
87
56
53
95
118
48
98
3
14
134
130
85
139
105
72
90
112
149
76
129
19
36
96
42
27
94
109
2
140
142
97
88
8
62
68
100
135
43
64
28
51
23
65
119
18
141
146
38
108
144
122
123
52
150
13
128
67
111
1
26
9
126
83
113
82
5
110
45
32
124
15
89
138
58
34
86
91
133
75
145
107
121
25
=======
143
118
148
61
90
112
36
19
7
105
116
139
77
85
100
37
127
57
115
24
55
46
18
73
39
44
16
93
80
132
101
33
131
3
47
54
98
103
95
81
56
53
66
104
22
125
117
30
>>>>>>> 0673a3f3f105243f055b07cd9ba0eca6d9e73175
