<<<<<<< HEAD
1
3
4
32
34
35
36
38
57
44
61
68
62
50
49
60
56
43
46
53
69
47
64
41
45
70
71
73
94
98
105
99
101
89
85
108
80
75
106
110
111
113
112
=======
110
112
113
147
46
35
4
141
1
3
38
125
41
85
53
32
122
111
70
68
134
>>>>>>> 0673a3f3f105243f055b07cd9ba0eca6d9e73175
114
36
80
99
73
149
140
76
128
71
56
133
<<<<<<< HEAD
143
115
147
141
137
128
116
125
144
=======
104
105
121
144
45
77
43
103
106
115
102
108
86
148
138
137
98
116
93
131
>>>>>>> 0673a3f3f105243f055b07cd9ba0eca6d9e73175
142
89
135
91
123
<<<<<<< HEAD
149
121
134
=======
118
84
139
117
143
120
126
130
119
132
129
136
124
100
65
10
>>>>>>> 0673a3f3f105243f055b07cd9ba0eca6d9e73175
