<<<<<<< HEAD
3
141
136
35
66
18
14
97
76
104
80
9
149
54
21
64
129
135
101
7
143
75
144
57
79
126
127
112
=======
7
55
108
35
66
117
>>>>>>> 0673a3f3f105243f055b07cd9ba0eca6d9e73175
59
60
141
135
97
40
114
87
148
61
53
116
5
<<<<<<< HEAD
120
90
8
33
119
108
61
100
22
52
148
131
106
27
74
55
62
53
43
=======
80
13
109
64
139
76
118
144
131
43
101
149
41
85
112
119
125
37
57
129
79
126
8
48
90
52
22
69
74
>>>>>>> 0673a3f3f105243f055b07cd9ba0eca6d9e73175
50
127
65
17
103
99
120
138
33
100
134
62
16
84
4
30
73
146
27
77
106
11
