<<<<<<< HEAD
62
25
139
4
45
94
24
140
128
97
73
60
66
42
129
78
92
61
56
130
110
=======
41
117
128
47
62
78
61
73
55
40
>>>>>>> 0673a3f3f105243f055b07cd9ba0eca6d9e73175
131
137
125
<<<<<<< HEAD
9
32
122
72
=======
32
75
92
95
111
>>>>>>> 0673a3f3f105243f055b07cd9ba0eca6d9e73175
67
127
<<<<<<< HEAD
21
64
35
123
114
12
57
96
71
2
54
133
108
119
19
84
6
74
14
99
10
15
103
=======
1
112
51
29
16
63
101
27
93
134
53
44
89
77
79
81
26
50
109
34
132
115
>>>>>>> 0673a3f3f105243f055b07cd9ba0eca6d9e73175
