<<<<<<< HEAD
69
138
74
86
48
39
100
77
75
29
70
120
78
44
129
18
67
122
103
49
124
81
104
27
30
16
99
96
87
107
127
55
101
115
17
148
25
118
47
95
136
89
65
121
119
1
125
131
64
71
50
128
38
88
66
82
4
123
134
24
=======
148
17
70
128
80
76
75
134
82
77
29
106
35
96
56
99
117
33
131
103
1
107
122
37
94
83
40
45
150
53
12
>>>>>>> 0673a3f3f105243f055b07cd9ba0eca6d9e73175
10
126
<<<<<<< HEAD
83
37
51
36
76
13
=======
119
111
66
115
145
50
137
61
9
55
13
108
125
23
47
>>>>>>> 0673a3f3f105243f055b07cd9ba0eca6d9e73175
43
136
116
42
31
38
63
24
7
32
46
22
59
113
139
92
73
34
58
28
143
60
<<<<<<< HEAD
61
7
22
8
150
20
2
149
9
6
19
91
142
28
32
59
45
31
42
68
98
12
40
34
33
94
62
35
80
63
108
14
52
137
5
112
58
=======
98
2
149
102
14
109
19
8
6
52
62
5
93
142
91
68
57
112
144
41
84
11
3
114
146
20
97
36
51
90
140
123
4
133
88
21
71
135
110
64
121
65
89
95
118
>>>>>>> 0673a3f3f105243f055b07cd9ba0eca6d9e73175
